Mon May  5 12:10:01 UTC 2025: Starting deployment...
From github.com:tanujbhatia24/CI-CD_Pipeline_Tool
 * branch            main       -> FETCH_HEAD
   dd028ba..2315d13  main       -> origin/main
Updating dd028ba..2315d13
Fast-forward
 README.md        |  4 ++--
 requirements.txt | 72 --------------------------------------------------------
 2 files changed, 2 insertions(+), 74 deletions(-)
 delete mode 100644 requirements.txt
Mon May  5 12:10:05 UTC 2025: Deployment completed successfully!
New commit found! Deploying...
Deployment Completed Successfully.
No new commits.
Mon May  5 12:20:01 UTC 2025: Starting deployment...
From github.com:tanujbhatia24/CI-CD_Pipeline_Tool
 * branch            main       -> FETCH_HEAD
   2315d13..f8fe11c  main       -> origin/main
Updating 2315d13..f8fe11c
Fast-forward
 README.md | 71 +++++++++++++++++++++++++++++++++++----------------------------
 1 file changed, 39 insertions(+), 32 deletions(-)
Mon May  5 12:20:04 UTC 2025: Deployment completed successfully!
New commit found! Deploying...
Deployment Completed Successfully.
No new commits.
No new commits.Mon May  5 12:35:01 UTC 2025: Starting deployment...
From github.com:tanujbhatia24/CI-CD_Pipeline_Tool
 * branch            main       -> FETCH_HEAD
   f8fe11c..a41c233  main       -> origin/main
Updating f8fe11c..a41c233
Fast-forward
 README.md | 37 +++++++++++++++++++++++++------------
 1 file changed, 25 insertions(+), 12 deletions(-)
Mon May  5 12:35:05 UTC 2025: Deployment completed successfully!
New commit found! Deploying...
Deployment Completed Successfully.
Mon May  5 12:40:02 UTC 2025: Starting deployment...
From github.com:tanujbhatia24/CI-CD_Pipeline_Tool
 * branch            main       -> FETCH_HEAD
   a41c233..30261fa  main       -> origin/main
Updating a41c233..30261fa
Fast-forward
 README.md | 5 ++---
 1 file changed, 2 insertions(+), 3 deletions(-)
Mon May  5 12:40:05 UTC 2025: Deployment completed successfully!
New commit found! Deploying...
Deployment Completed Successfully.
No new commits.
No new commits.
No new commits.
No new commits.
No new commits.
No new commits.
